Build started 2012-05-01 12:35:27.
     1>Project "J:\Workspace for pacman\Pacman\code\Pacman\Pacman.vcxproj" on node 2 (build target(s)).
     1>InitializeBuildStatus:
         Creating "Debug\Pacman.unsuccessfulbuild" because "AlwaysCreate" was specified.
       ClCompile:
         C:\Program Files (x86)\Microsoft Visual Studio 10.0\VC\bin\CL.exe /c /ZI /nologo /W3 /WX- /Od /Oy- /D _MBCS /Gm /EHsc /RTC1 /MDd /GS /fp:precise /Zc:wchar_t /Zc:forScope /Fo"Debug\\" /Fd"Debug\vc100.pdb" /Gd /TP /analyze- /errorReport:prompt Pill.cpp
         Pill.cpp
       Link:
         C:\Program Files (x86)\Microsoft Visual Studio 10.0\VC\bin\link.exe /ERRORREPORT:PROMPT /OUT:"J:\Workspace for pacman\Pacman\code\Debug\Pacman.exe" /NOLOGO d3dx10.lib d3d10.lib kernel32.lib user32.lib gdi32.lib winspool.lib comdlg32.lib advapi32.lib shell32.lib ole32.lib oleaut32.lib uuid.lib odbc32.lib odbccp32.lib /MANIFEST /ManifestFile:"Debug\Pacman.exe.intermediate.manifest" /MANIFESTUAC:"level='asInvoker' uiAccess='false'" /DEBUG /PDB:"J:\Workspace for pacman\Pacman\code\Debug\Pacman.pdb" /TLBID:1 /DYNAMICBASE /NXCOMPAT /IMPLIB:"J:\Workspace for pacman\Pacman\code\Debug\Pacman.lib" /MACHINE:X86 Debug\AI.obj
         Debug\AverageAI.obj
         Debug\BlueEffect.obj
         Debug\BluePill.obj
         Debug\BuffEffect.obj
         Debug\Camera.obj
         Debug\EffectList.obj
         Debug\Floor.obj
         Debug\Game.obj
         Debug\GameMenu.obj
         Debug\GameObject.obj
         Debug\Ghost.obj
         Debug\GraphicsManager.obj
         Debug\HighScore.obj
         Debug\InstanceManager.obj
         Debug\KeyListener.obj
         Debug\KeyManager.obj
         Debug\LevelReader.obj
         Debug\Main.obj
         Debug\Map.obj
         Debug\Material.obj
         Debug\Model.obj
         Debug\MtlReader.obj
         Debug\ObjReader.obj
         Debug\Pill.obj
         Debug\Player.obj
         Debug\PolygonGroup.obj
         Debug\Route.obj
         Debug\SimpleAI.obj
         Debug\SmartAI.obj
         Debug\Tile.obj
         Debug\YellowEffect.obj
         Debug\YellowPill.obj
         LINK : J:\Workspace for pacman\Pacman\code\Debug\Pacman.exe not found or not built by the last incremental link; performing full link
         Pacman.vcxproj -> J:\Workspace for pacman\Pacman\code\Debug\Pacman.exe
       Manifest:
         C:\Program Files (x86)\Microsoft SDKs\Windows\v7.0A\bin\mt.exe /nologo /verbose /outputresource:"J:\Workspace for pacman\Pacman\code\Debug\Pacman.exe;#1" /manifest Debug\Pacman.exe.intermediate.manifest
       FinalizeBuildStatus:
         Deleting file "Debug\Pacman.unsuccessfulbuild".
         Touching "Debug\Pacman.lastbuildstate".
     1>Done Building Project "J:\Workspace for pacman\Pacman\code\Pacman\Pacman.vcxproj" (build target(s)).

Build succeeded.

Time Elapsed 00:00:04.11
